<?xml version="1.0" encoding="UTF-8"?>
<testsuites name="jest tests" tests="46" failures="1" errors="0" time="0.865">
  <testsuite name="Divide Button Tests" errors="0" failures="0" skipped="0" timestamp="2026-01-22T21:27:26" time="0.236" tests="8">
    <testcase classname="Divide Button Tests Divide button is rendered" name="Divide Button Tests Divide button is rendered" time="0.022" file="testApp/divideButton.test.js">
    </testcase>
    <testcase classname="Divide Button Tests Divide button performs division correctly" name="Divide Button Tests Divide button performs division correctly" time="0.007" file="testApp/divideButton.test.js">
    </testcase>
    <testcase classname="Divide Button Tests Divide button shows error when dividing by zero" name="Divide Button Tests Divide button shows error when dividing by zero" time="0.003" file="testApp/divideButton.test.js">
    </testcase>
    <testcase classname="Divide Button Tests Divide button handles decimal results" name="Divide Button Tests Divide button handles decimal results" time="0.003" file="testApp/divideButton.test.js">
    </testcase>
    <testcase classname="Divide Button Tests Divide button handles negative numbers" name="Divide Button Tests Divide button handles negative numbers" time="0.002" file="testApp/divideButton.test.js">
    </testcase>
    <testcase classname="Divide Button Tests Divide button handles decimal inputs" name="Divide Button Tests Divide button handles decimal inputs" time="0.002" file="testApp/divideButton.test.js">
    </testcase>
    <testcase classname="Divide Button Tests Divide button shows error for invalid input" name="Divide Button Tests Divide button shows error for invalid input" time="0.001" file="testApp/divideButton.test.js">
    </testcase>
    <testcase classname="Divide Button Tests Divide button adds entry to history" name="Divide Button Tests Divide button adds entry to history" time="0.003" file="testApp/divideButton.test.js">
    </testcase>
  </testsuite>
  <testsuite name="Power Button Tests" errors="0" failures="0" skipped="0" timestamp="2026-01-22T21:27:27" time="0.076" tests="8">
    <testcase classname="Power Button Tests Power button is rendered" name="Power Button Tests Power button is rendered" time="0.004" file="testApp/powerButton.test.js">
    </testcase>
    <testcase classname="Power Button Tests Power button performs exponentiation correctly" name="Power Button Tests Power button performs exponentiation correctly" time="0.003" file="testApp/powerButton.test.js">
    </testcase>
    <testcase classname="Power Button Tests Power button handles base to the power of zero" name="Power Button Tests Power button handles base to the power of zero" time="0.004" file="testApp/powerButton.test.js">
    </testcase>
    <testcase classname="Power Button Tests Power button handles negative exponent" name="Power Button Tests Power button handles negative exponent" time="0.002" file="testApp/powerButton.test.js">
    </testcase>
    <testcase classname="Power Button Tests Power button handles decimal exponent" name="Power Button Tests Power button handles decimal exponent" time="0.002" file="testApp/powerButton.test.js">
    </testcase>
    <testcase classname="Power Button Tests Power button handles large numbers" name="Power Button Tests Power button handles large numbers" time="0.002" file="testApp/powerButton.test.js">
    </testcase>
    <testcase classname="Power Button Tests Power button shows error for invalid input" name="Power Button Tests Power button shows error for invalid input" time="0.001" file="testApp/powerButton.test.js">
    </testcase>
    <testcase classname="Power Button Tests Power button adds entry to history" name="Power Button Tests Power button adds entry to history" time="0.002" file="testApp/powerButton.test.js">
    </testcase>
  </testsuite>
  <testsuite name="Clear All Button Tests" errors="0" failures="0" skipped="0" timestamp="2026-01-22T21:27:27" time="0.068" tests="6">
    <testcase classname="Clear All Button Tests Clear All button is rendered" name="Clear All Button Tests Clear All button is rendered" time="0.004" file="testApp/clearAllButton.test.js">
    </testcase>
    <testcase classname="Clear All Button Tests Clear All button clears input fields" name="Clear All Button Tests Clear All button clears input fields" time="0.002" file="testApp/clearAllButton.test.js">
    </testcase>
    <testcase classname="Clear All Button Tests Clear All button clears result" name="Clear All Button Tests Clear All button clears result" time="0.002" file="testApp/clearAllButton.test.js">
    </testcase>
    <testcase classname="Clear All Button Tests Clear All button clears history" name="Clear All Button Tests Clear All button clears history" time="0.004" file="testApp/clearAllButton.test.js">
    </testcase>
    <testcase classname="Clear All Button Tests Clear All button clears last result" name="Clear All Button Tests Clear All button clears last result" time="0.002" file="testApp/clearAllButton.test.js">
    </testcase>
    <testcase classname="Clear All Button Tests Clear All button works after multiple calculations" name="Clear All Button Tests Clear All button works after multiple calculations" time="0.003" file="testApp/clearAllButton.test.js">
    </testcase>
  </testsuite>
  <testsuite name="Clear History Button Tests" errors="0" failures="0" skipped="0" timestamp="2026-01-22T21:27:27" time="0.076" tests="6">
    <testcase classname="Clear History Button Tests Clear History button is rendered" name="Clear History Button Tests Clear History button is rendered" time="0.004" file="testApp/clearHistoryButton.test.js">
    </testcase>
    <testcase classname="Clear History Button Tests Clear History button clears history but keeps inputs" name="Clear History Button Tests Clear History button clears history but keeps inputs" time="0.003" file="testApp/clearHistoryButton.test.js">
    </testcase>
    <testcase classname="Clear History Button Tests Clear History button clears last result" name="Clear History Button Tests Clear History button clears last result" time="0.003" file="testApp/clearHistoryButton.test.js">
    </testcase>
    <testcase classname="Clear History Button Tests Clear History button does not clear current result" name="Clear History Button Tests Clear History button does not clear current result" time="0.003" file="testApp/clearHistoryButton.test.js">
    </testcase>
    <testcase classname="Clear History Button Tests Clear History button works with multiple history entries" name="Clear History Button Tests Clear History button works with multiple history entries" time="0.004" file="testApp/clearHistoryButton.test.js">
    </testcase>
    <testcase classname="Clear History Button Tests Clear History button does nothing when history is empty" name="Clear History Button Tests Clear History button does nothing when history is empty" time="0.001" file="testApp/clearHistoryButton.test.js">
    </testcase>
  </testsuite>
  <testsuite name="Multiply Button Tests" errors="0" failures="0" skipped="0" timestamp="2026-01-22T21:27:27" time="0.063" tests="7">
    <testcase classname="Multiply Button Tests Multiply button is rendered" name="Multiply Button Tests Multiply button is rendered" time="0.003" file="testApp/multiplyButton.test.js">
    </testcase>
    <testcase classname="Multiply Button Tests Multiply button performs multiplication correctly" name="Multiply Button Tests Multiply button performs multiplication correctly" time="0.002" file="testApp/multiplyButton.test.js">
    </testcase>
    <testcase classname="Multiply Button Tests Multiply button handles zero" name="Multiply Button Tests Multiply button handles zero" time="0.002" file="testApp/multiplyButton.test.js">
    </testcase>
    <testcase classname="Multiply Button Tests Multiply button handles negative numbers" name="Multiply Button Tests Multiply button handles negative numbers" time="0.002" file="testApp/multiplyButton.test.js">
    </testcase>
    <testcase classname="Multiply Button Tests Multiply button handles decimal numbers" name="Multiply Button Tests Multiply button handles decimal numbers" time="0.003" file="testApp/multiplyButton.test.js">
    </testcase>
    <testcase classname="Multiply Button Tests Multiply button shows error for invalid input" name="Multiply Button Tests Multiply button shows error for invalid input" time="0.002" file="testApp/multiplyButton.test.js">
    </testcase>
    <testcase classname="Multiply Button Tests Multiply button adds entry to history" name="Multiply Button Tests Multiply button adds entry to history" time="0.002" file="testApp/multiplyButton.test.js">
    </testcase>
  </testsuite>
  <testsuite name="Add Button Tests" errors="0" failures="0" skipped="0" timestamp="2026-01-22T21:27:27" time="0.059" tests="6">
    <testcase classname="Add Button Tests Add button is rendered" name="Add Button Tests Add button is rendered" time="0.004" file="testApp/addButton.test.js">
    </testcase>
    <testcase classname="Add Button Tests Add button performs addition correctly" name="Add Button Tests Add button performs addition correctly" time="0.003" file="testApp/addButton.test.js">
    </testcase>
    <testcase classname="Add Button Tests Add button handles negative numbers" name="Add Button Tests Add button handles negative numbers" time="0.001" file="testApp/addButton.test.js">
    </testcase>
    <testcase classname="Add Button Tests Add button handles decimal numbers" name="Add Button Tests Add button handles decimal numbers" time="0.002" file="testApp/addButton.test.js">
    </testcase>
    <testcase classname="Add Button Tests Add button shows error for invalid input" name="Add Button Tests Add button shows error for invalid input" time="0.001" file="testApp/addButton.test.js">
    </testcase>
    <testcase classname="Add Button Tests Add button adds entry to history" name="Add Button Tests Add button adds entry to history" time="0.002" file="testApp/addButton.test.js">
    </testcase>
  </testsuite>
  <testsuite name="Flaky Tests" errors="0" failures="1" skipped="0" timestamp="2026-01-22T21:27:27" time="0.065" tests="5">
    <testcase classname="Flaky Tests Flaky test 1: Random number comparison" name="Flaky Tests Flaky test 1: Random number comparison" time="0.003" file="testApp/flakyTests.test.js">
      <failure>Error: expect(received).toBeLessThan(expected)

Expected: &lt; 0.5
Received:   0.9751885690934037
    at Object.toBeLessThan (/Users/minjunseong/Practice/smartertesting/testApp/flakyTests.test.js:15:23)
    at Promise.then.completed (/Users/minjunseong/Practice/smartertesting/node_modules/jest-circus/build/utils.js:298:28)
    at new Promise (&lt;anonymous&gt;)
    at callAsyncCircusFn (/Users/minjunseong/Practice/smartertesting/node_modules/jest-circus/build/utils.js:231:10)
    at _callCircusTest (/Users/minjunseong/Practice/smartertesting/node_modules/jest-circus/build/run.js:316:40)
    at _runTest (/Users/minjunseong/Practice/smartertesting/node_modules/jest-circus/build/run.js:252:3)
    at _runTestsForDescribeBlock (/Users/minjunseong/Practice/smartertesting/node_modules/jest-circus/build/run.js:126:9)
    at _runTestsForDescribeBlock (/Users/minjunseong/Practice/smartertesting/node_modules/jest-circus/build/run.js:121:9)
    at run (/Users/minjunseong/Practice/smartertesting/node_modules/jest-circus/build/run.js:71:3)
    at runAndTransformResultsToJestFormat (/Users/minjunseong/Practice/smartertesting/node_modules/jest-circus/build/legacy-code-todo-rewrite/jestAdapterInit.js:122:21)
    at jestAdapter (/Users/minjunseong/Practice/smartertesting/node_modules/jest-circus/build/legacy-code-todo-rewrite/jestAdapter.js:79:19)
    at runTestInternal (/Users/minjunseong/Practice/smartertesting/node_modules/jest-runner/build/runTest.js:367:16)
    at runTest (/Users/minjunseong/Practice/smartertesting/node_modules/jest-runner/build/runTest.js:444:34)</failure>
    </testcase>
    <testcase classname="Flaky Tests Flaky test 2: Time-based condition" name="Flaky Tests Flaky test 2: Time-based condition" time="0.001" file="testApp/flakyTests.test.js">
    </testcase>
    <testcase classname="Flaky Tests Flaky test 3: Race condition with async operation" name="Flaky Tests Flaky test 3: Race condition with async operation" time="0.002" file="testApp/flakyTests.test.js">
    </testcase>
    <testcase classname="Flaky Tests Flaky test 4: Non-deterministic string matching" name="Flaky Tests Flaky test 4: Non-deterministic string matching" time="0.001" file="testApp/flakyTests.test.js">
    </testcase>
    <testcase classname="Flaky Tests Flaky test 5: Order-dependent state test" name="Flaky Tests Flaky test 5: Order-dependent state test" time="0.002" file="testApp/flakyTests.test.js">
    </testcase>
  </testsuite>
</testsuites>