<?xml version="1.0" encoding="UTF-8"?>
<testsuites name="jest tests" tests="14" failures="0" errors="0" time="0.881">
  <testsuite name="Tangent Function Tests" errors="0" failures="0" skipped="0" timestamp="2025-12-16T22:38:37" time="0.455" tests="7">
    <testcase classname="Tangent Function Tests Tangent calculates correctly for 0 radians" name="Tangent Function Tests Tangent calculates correctly for 0 radians" time="0.001" file="testApp/tangent.test.js">
    </testcase>
    <testcase classname="Tangent Function Tests Tangent calculates correctly for π/4 radians" name="Tangent Function Tests Tangent calculates correctly for π/4 radians" time="0" file="testApp/tangent.test.js">
    </testcase>
    <testcase classname="Tangent Function Tests Tangent handles negative angles" name="Tangent Function Tests Tangent handles negative angles" time="0" file="testApp/tangent.test.js">
    </testcase>
    <testcase classname="Tangent Function Tests Tangent handles decimal angles" name="Tangent Function Tests Tangent handles decimal angles" time="0.001" file="testApp/tangent.test.js">
    </testcase>
    <testcase classname="Tangent Function Tests Tangent throws error for invalid input" name="Tangent Function Tests Tangent throws error for invalid input" time="0.005" file="testApp/tangent.test.js">
    </testcase>
    <testcase classname="Tangent Function Tests Tangent handles π radians" name="Tangent Function Tests Tangent handles π radians" time="0" file="testApp/tangent.test.js">
    </testcase>
    <testcase classname="Tangent Function Tests Tangent handles small angles" name="Tangent Function Tests Tangent handles small angles" time="0" file="testApp/tangent.test.js">
    </testcase>
  </testsuite>
  <testsuite name="Square Root Function Tests" errors="0" failures="0" skipped="0" timestamp="2025-12-16T22:38:38" time="0.06" tests="7">
    <testcase classname="Square Root Function Tests Square root calculates correctly for perfect squares" name="Square Root Function Tests Square root calculates correctly for perfect squares" time="0.001" file="testApp/squareRoot.test.js">
    </testcase>
    <testcase classname="Square Root Function Tests Square root calculates correctly for non-perfect squares" name="Square Root Function Tests Square root calculates correctly for non-perfect squares" time="0" file="testApp/squareRoot.test.js">
    </testcase>
    <testcase classname="Square Root Function Tests Square root handles zero" name="Square Root Function Tests Square root handles zero" time="0" file="testApp/squareRoot.test.js">
    </testcase>
    <testcase classname="Square Root Function Tests Square root handles decimal numbers" name="Square Root Function Tests Square root handles decimal numbers" time="0" file="testApp/squareRoot.test.js">
    </testcase>
    <testcase classname="Square Root Function Tests Square root throws error for negative numbers" name="Square Root Function Tests Square root throws error for negative numbers" time="0.002" file="testApp/squareRoot.test.js">
    </testcase>
    <testcase classname="Square Root Function Tests Square root throws error for invalid input" name="Square Root Function Tests Square root throws error for invalid input" time="0" file="testApp/squareRoot.test.js">
    </testcase>
    <testcase classname="Square Root Function Tests Square root handles large numbers" name="Square Root Function Tests Square root handles large numbers" time="0" file="testApp/squareRoot.test.js">
    </testcase>
  </testsuite>
</testsuites>