TN:
SF:src/App.js
FN:4,App
FN:11,calculate
FN:56,clearAll
FN:64,clearHistory
FN:78,onChange
FN:85,onChange
FN:91,onClick
FN:95,onClick
FN:100,onClick
FN:103,onClick
FNF:10
FNH:5
FNDA:20,App
FNDA:5,calculate
FNDA:0,clearAll
FNDA:0,clearHistory
FNDA:4,onChange
FNDA:5,onChange
FNDA:5,onClick
FNDA:0,onClick
FNDA:0,onClick
FNDA:0,onClick
DA:1,1
DA:2,1
DA:3,1
DA:4,20
DA:5,20
DA:6,20
DA:7,20
DA:8,20
DA:9,20
DA:10,20
DA:11,20
DA:12,5
DA:13,5
DA:14,5
DA:15,5
DA:16,1
DA:17,1
DA:18,1
DA:19,4
DA:20,4
DA:21,4
DA:22,4
DA:23,4
DA:24,4
DA:25,4
DA:26,4
DA:27,4
DA:28,5
DA:29,0
DA:30,0
DA:31,0
DA:32,5
DA:33,0
DA:34,0
DA:35,0
DA:36,0
DA:37,0
DA:38,0
DA:39,0
DA:40,5
DA:41,0
DA:42,0
DA:43,0
DA:44,5
DA:45,0
DA:46,5
DA:47,4
DA:48,4
DA:49,4
DA:50,4
DA:51,4
DA:52,4
DA:53,4
DA:54,20
DA:55,20
DA:56,20
DA:57,0
DA:58,0
DA:59,0
DA:60,0
DA:61,0
DA:62,20
DA:63,20
DA:64,20
DA:65,0
DA:66,0
DA:67,20
DA:68,20
DA:69,20
DA:70,20
DA:71,20
DA:72,20
DA:73,20
DA:74,20
DA:75,20
DA:76,20
DA:77,20
DA:78,20
DA:79,20
DA:80,20
DA:81,20
DA:82,20
DA:83,20
DA:84,20
DA:85,20
DA:86,20
DA:87,20
DA:88,20
DA:89,20
DA:90,20
DA:91,20
DA:92,20
DA:93,20
DA:94,20
DA:95,20
DA:96,20
DA:97,20
DA:98,20
DA:99,20
DA:100,20
DA:101,20
DA:102,20
DA:103,20
DA:104,20
DA:105,20
DA:106,20
DA:107,20
DA:108,20
DA:109,20
DA:110,20
DA:111,20
DA:112,20
DA:113,20
DA:114,20
DA:115,20
DA:116,20
DA:117,4
DA:118,4
DA:119,4
DA:120,4
DA:121,20
DA:122,20
DA:123,20
DA:124,20
DA:125,20
DA:126,20
DA:127,20
DA:128,20
DA:129,20
DA:130,20
DA:131,20
DA:132,20
DA:133,20
DA:134,20
DA:135,20
DA:136,16
DA:137,4
DA:138,4
DA:139,4
DA:140,4
DA:141,4
DA:142,4
DA:143,4
DA:144,4
DA:145,20
DA:146,20
DA:147,20
DA:148,20
DA:149,20
DA:150,1
DA:151,1
LF:151
LH:130
BRDA:4,0,0,20
BRDA:111,1,0,1
BRDA:111,2,0,19
BRDA:112,3,0,15
BRDA:116,4,0,4
BRDA:135,5,0,16
BRDA:137,6,0,4
BRDA:11,7,0,5
BRDA:15,8,0,4
BRDA:15,9,0,1
BRDA:18,10,0,4
BRDA:28,11,0,0
BRDA:32,12,0,0
BRDA:40,13,0,0
BRDA:44,14,0,0
BRDA:46,15,0,4
BRDA:53,16,0,4
BRDA:78,17,0,4
BRDA:85,18,0,5
BRDA:91,19,0,5
BRDA:139,20,0,4
BRF:21
BRH:17
end_of_record
